{"level":"INFO","time":"2024-03-18T16:21:32.723+0800","caller":"logger/logger.go:44","msg":"init logger success"}
{"level":"ERROR","time":"2024-03-18T16:24:44.491+0800","caller":"controller/user.go:15","msg":"SignUp with invalid params","error":"Key: 'SignUpParams.RePassword' Error:Field validation for 'RePassword' failed on the 'required' tag"}
{"level":"ERROR","time":"2024-03-18T16:25:20.809+0800","caller":"controller/user.go:15","msg":"SignUp with invalid params","error":"Key: 'SignUpParams.RePassword' Error:Field validation for 'RePassword' failed on the 'eqfield' tag"}
{"level":"INFO","time":"2024-03-18T16:28:32.908+0800","caller":"logger/logger.go:44","msg":"init logger success"}
{"level":"INFO","time":"2024-03-18T16:30:31.378+0800","caller":"logger/logger.go:44","msg":"init logger success"}
{"level":"INFO","time":"2024-03-18T16:32:22.697+0800","caller":"logger/logger.go:44","msg":"init logger success"}
{"level":"INFO","time":"2024-03-18T16:32:44.816+0800","caller":"logger/logger.go:44","msg":"init logger success"}
{"level":"INFO","time":"2024-03-18T16:35:08.131+0800","caller":"logger/logger.go:44","msg":"init logger success"}
{"level":"INFO","time":"2024-03-18T16:38:22.769+0800","caller":"logger/logger.go:44","msg":"init logger success"}
{"level":"INFO","time":"2024-03-19T22:09:50.881+0800","caller":"logger/logger.go:44","msg":"init logger success"}
{"level":"ERROR","time":"2024-03-19T22:12:01.032+0800","caller":"logic/user.go:49","msg":"database.QueryUser() failed","username":"hzh","error":"unsupported destination, should be slice or struct"}
{"level":"ERROR","time":"2024-03-19T22:12:01.033+0800","caller":"controller/user.go:41","msg":"logic.Login failed","username":"hzh","error":"unsupported destination, should be slice or struct"}
{"level":"ERROR","time":"2024-03-19T22:12:13.532+0800","caller":"logic/user.go:49","msg":"database.QueryUser() failed","username":"hzh","error":"unsupported destination, should be slice or struct"}
{"level":"ERROR","time":"2024-03-19T22:12:13.532+0800","caller":"controller/user.go:41","msg":"logic.Login failed","username":"hzh","error":"unsupported destination, should be slice or struct"}
{"level":"ERROR","time":"2024-03-19T22:14:02.381+0800","caller":"logic/user.go:49","msg":"database.QueryUser() failed","username":"hzh","error":"unsupported destination, should be slice or struct"}
{"level":"ERROR","time":"2024-03-19T22:14:02.381+0800","caller":"controller/user.go:41","msg":"logic.Login failed","username":"hzh","error":"unsupported destination, should be slice or struct"}
{"level":"ERROR","time":"2024-03-19T22:15:16.835+0800","caller":"logic/user.go:49","msg":"database.QueryUser() failed","username":"hzh","error":"unsupported destination, should be slice or struct"}
{"level":"ERROR","time":"2024-03-19T22:15:16.835+0800","caller":"controller/user.go:41","msg":"logic.Login failed","username":"hzh","error":"unsupported destination, should be slice or struct"}
{"level":"INFO","time":"2024-03-19T22:16:22.827+0800","caller":"logger/logger.go:44","msg":"init logger success"}
{"level":"ERROR","time":"2024-03-19T22:16:29.779+0800","caller":"logic/user.go:49","msg":"database.QueryUser() failed","username":"hzh","error":"unsupported destination, should be slice or struct"}
{"level":"ERROR","time":"2024-03-19T22:16:29.779+0800","caller":"controller/user.go:41","msg":"logic.Login failed","username":"hzh","error":"unsupported destination, should be slice or struct"}
{"level":"INFO","time":"2024-03-19T22:17:51.443+0800","caller":"logger/logger.go:44","msg":"init logger success"}
{"level":"INFO","time":"2024-03-19T22:22:15.609+0800","caller":"logger/logger.go:44","msg":"init logger success"}
{"level":"INFO","time":"2024-03-19T22:40:18.568+0800","caller":"logger/logger.go:44","msg":"init logger success"}
{"level":"INFO","time":"2024-03-19T23:10:29.607+0800","caller":"logger/logger.go:44","msg":"init logger success"}
{"level":"INFO","time":"2024-03-19T23:11:40.166+0800","caller":"logger/logger.go:44","msg":"init logger success"}
{"level":"INFO","time":"2024-03-19T23:13:11.514+0800","caller":"logger/logger.go:44","msg":"init logger success"}
{"level":"INFO","time":"2024-03-19T23:13:22.240+0800","caller":"logger/logger.go:44","msg":"init logger success"}
{"level":"INFO","time":"2024-03-19T23:13:32.160+0800","caller":"logger/logger.go:44","msg":"init logger success"}
{"level":"INFO","time":"2024-03-19T23:13:50.806+0800","caller":"logger/logger.go:44","msg":"init logger success"}
{"level":"INFO","time":"2024-03-19T23:14:45.888+0800","caller":"logger/logger.go:44","msg":"init logger success"}
{"level":"INFO","time":"2024-03-19T23:14:54.464+0800","caller":"logger/logger.go:44","msg":"init logger success"}
{"level":"INFO","time":"2024-03-19T23:15:03.614+0800","caller":"logger/logger.go:44","msg":"init logger success"}
{"level":"INFO","time":"2024-03-19T23:16:28.917+0800","caller":"logger/logger.go:44","msg":"init logger success"}
{"level":"INFO","time":"2024-03-19T23:16:48.522+0800","caller":"logger/logger.go:44","msg":"init logger success"}
{"level":"INFO","time":"2024-03-19T23:20:23.468+0800","caller":"logger/logger.go:44","msg":"init logger success"}
{"level":"INFO","time":"2024-03-19T23:21:11.085+0800","caller":"logger/logger.go:44","msg":"init logger success"}
{"level":"INFO","time":"2024-03-19T23:23:25.662+0800","caller":"logger/logger.go:44","msg":"init logger success"}
{"level":"INFO","time":"2024-03-19T23:23:59.210+0800","caller":"logger/logger.go:44","msg":"init logger success"}
{"level":"INFO","time":"2024-03-20T00:38:35.542+0800","caller":"logger/logger.go:44","msg":"init logger success"}
{"level":"INFO","time":"2024-03-20T00:41:27.027+0800","caller":"logger/logger.go:44","msg":"init logger success"}
{"level":"ERROR","time":"2024-03-20T00:42:52.440+0800","caller":"database/community.go:31","msg":"query community failed","id":1,"error":"sql: converting argument $1 type: unsupported type model.CommunityDetail, a struct"}
{"level":"ERROR","time":"2024-03-20T00:42:52.440+0800","caller":"controller/community.go:29","msg":"logic.GetCommunityList() failed","error":"查询数据失败"}
{"level":"INFO","time":"2024-03-20T00:50:20.303+0800","caller":"logger/logger.go:44","msg":"init logger success"}
{"level":"ERROR","time":"2024-03-20T00:50:25.231+0800","caller":"database/community.go:31","msg":"query community failed","id":1,"error":"sql: converting argument $1 type: unsupported type model.CommunityDetail, a struct"}
{"level":"ERROR","time":"2024-03-20T00:50:25.232+0800","caller":"controller/community.go:29","msg":"logic.GetCommunityList() failed","error":"查询数据失败"}
{"level":"INFO","time":"2024-03-20T00:54:13.613+0800","caller":"logger/logger.go:44","msg":"init logger success"}
{"level":"ERROR","time":"2024-03-20T00:54:16.861+0800","caller":"database/community.go:31","msg":"query community failed","id":1,"error":"sql: converting argument $1 type: unsupported type model.CommunityDetail, a struct"}
{"level":"ERROR","time":"2024-03-20T00:54:16.861+0800","caller":"controller/community.go:29","msg":"logic.GetCommunityList() failed","error":"查询数据失败"}
{"level":"INFO","time":"2024-03-20T00:58:41.095+0800","caller":"logger/logger.go:44","msg":"init logger success"}
{"level":"ERROR","time":"2024-03-20T00:58:51.187+0800","caller":"database/community.go:31","msg":"query community failed","id":1,"error":"sql: converting argument $1 type: unsupported type model.CommunityDetail, a struct"}
{"level":"ERROR","time":"2024-03-20T00:58:51.187+0800","caller":"controller/community.go:29","msg":"logic.GetCommunityList() failed","error":"查询数据失败"}
{"level":"INFO","time":"2024-03-20T01:00:52.902+0800","caller":"logger/logger.go:44","msg":"init logger success"}
{"level":"ERROR","time":"2024-03-20T01:00:55.800+0800","caller":"database/community.go:31","msg":"query community failed","id":1,"error":"Error 1146: Table 'forum.community_details' doesn't exist"}
{"level":"ERROR","time":"2024-03-20T01:00:55.801+0800","caller":"controller/community.go:29","msg":"logic.GetCommunityList() failed","error":"查询数据失败"}
{"level":"INFO","time":"2024-03-20T01:01:26.360+0800","caller":"logger/logger.go:44","msg":"init logger success"}
{"level":"INFO","time":"2024-03-21T22:08:32.901+0800","caller":"logger/logger.go:44","msg":"init logger success"}
{"level":"INFO","time":"2024-03-21T22:12:16.269+0800","caller":"logger/logger.go:44","msg":"init logger success"}
{"level":"INFO","time":"2024-03-21T22:14:38.643+0800","caller":"logger/logger.go:44","msg":"init logger success"}
{"level":"ERROR","time":"2024-03-21T22:15:49.248+0800","caller":"controller/post.go:30","msg":"logic.CreatePost() failed","post_id":223462030068154369,"error":"Error 1292: Incorrect datetime value: '0000-00-00' for column 'create_time' at row 1"}
{"level":"ERROR","time":"2024-03-21T22:16:06.694+0800","caller":"controller/post.go:30","msg":"logic.CreatePost() failed","post_id":223462059361173505,"error":"Error 1292: Incorrect datetime value: '0000-00-00' for column 'create_time' at row 1"}
{"level":"ERROR","time":"2024-03-21T22:20:10.257+0800","caller":"controller/post.go:30","msg":"logic.CreatePost() failed","post_id":223462467987046401,"error":"Error 1292: Incorrect datetime value: '0000-00-00' for column 'create_time' at row 1"}
{"level":"ERROR","time":"2024-03-21T22:20:13.531+0800","caller":"controller/post.go:30","msg":"logic.CreatePost() failed","post_id":223462473473196033,"error":"Error 1292: Incorrect datetime value: '0000-00-00' for column 'create_time' at row 1"}
{"level":"INFO","time":"2024-03-21T22:20:50.378+0800","caller":"logger/logger.go:44","msg":"init logger success"}
{"level":"ERROR","time":"2024-03-21T22:21:06.965+0800","caller":"controller/post.go:14","msg":"Create Post with invalid params","error":"parsing time \"2024-03-21 15:15:30\" as \"2006-01-02T15:04:05Z07:00\": cannot parse \" 15:15:30\" as \"T\""}
{"level":"INFO","time":"2024-03-21T23:32:54.485+0800","caller":"logger/logger.go:44","msg":"init logger success"}
{"level":"ERROR","time":"2024-03-21T23:33:31.694+0800","caller":"logic/post.go:19","msg":"database.GetPostByID(postID) failed","post_id":"223462671578562561","error":"Error 1064: You have an error in your SQL syntax; check the manual that corresponds to your MySQL server version for the right syntax to use near ')' at line 1"}
{"level":"ERROR","time":"2024-03-21T23:33:31.695+0800","caller":"logic/post.go:49","msg":"mysql.GetPost failed","AuthorID":223462671578562561,"error":"Error 1064: You have an error in your SQL syntax; check the manual that corresponds to your MySQL server version for the right syntax to use near ')' at line 1"}
{"level":"ERROR","time":"2024-03-21T23:33:36.452+0800","caller":"logic/post.go:19","msg":"database.GetPostByID(postID) failed","post_id":"223462671578562561","error":"Error 1064: You have an error in your SQL syntax; check the manual that corresponds to your MySQL server version for the right syntax to use near ')' at line 1"}
{"level":"ERROR","time":"2024-03-21T23:33:36.453+0800","caller":"logic/post.go:49","msg":"mysql.GetPost failed","AuthorID":223462671578562561,"error":"Error 1064: You have an error in your SQL syntax; check the manual that corresponds to your MySQL server version for the right syntax to use near ')' at line 1"}
{"level":"ERROR","time":"2024-03-21T23:33:51.781+0800","caller":"logic/post.go:19","msg":"database.GetPostByID(postID) failed","post_id":"223462671578562561","error":"Error 1064: You have an error in your SQL syntax; check the manual that corresponds to your MySQL server version for the right syntax to use near ')' at line 1"}
{"level":"ERROR","time":"2024-03-21T23:33:51.783+0800","caller":"logic/post.go:49","msg":"mysql.GetPost failed","AuthorID":223462671578562561,"error":"Error 1064: You have an error in your SQL syntax; check the manual that corresponds to your MySQL server version for the right syntax to use near ')' at line 1"}
{"level":"INFO","time":"2024-03-21T23:35:19.395+0800","caller":"logger/logger.go:44","msg":"init logger success"}
{"level":"ERROR","time":"2024-03-21T23:35:26.231+0800","caller":"database/community.go:31","msg":"query community failed","id":0,"error":"record not found"}
{"level":"ERROR","time":"2024-03-21T23:35:26.231+0800","caller":"logic/post.go:29","msg":"database.GetCommunityDetailByID() failed","community_id":"0","error":"查询数据失败"}
{"level":"ERROR","time":"2024-03-21T23:35:26.231+0800","caller":"logic/post.go:49","msg":"mysql.GetPost failed","AuthorID":223462671578562561,"error":"查询数据失败"}
{"level":"INFO","time":"2024-03-21T23:35:55.923+0800","caller":"logger/logger.go:44","msg":"init logger success"}
{"level":"INFO","time":"2024-03-21T23:36:32.079+0800","caller":"logger/logger.go:44","msg":"init logger success"}
